0 info it worked if it ends with ok
1 verbose cli [ 'node',
1 verbose cli   '/usr/local/bin/npm',
1 verbose cli   'install',
1 verbose cli   '../node_modules/rtstat' ]
2 info using npm@1.4.6
3 info using node@v0.10.26
4 verbose node symlink /usr/local/bin/node
5 verbose cache add [ '../node_modules/rtstat', null ]
6 verbose cache add name=undefined spec="../node_modules/rtstat" args=["../node_modules/rtstat",null]
7 verbose parsed url { protocol: null,
7 verbose parsed url   slashes: null,
7 verbose parsed url   auth: null,
7 verbose parsed url   host: null,
7 verbose parsed url   port: null,
7 verbose parsed url   hostname: null,
7 verbose parsed url   hash: null,
7 verbose parsed url   search: null,
7 verbose parsed url   query: null,
7 verbose parsed url   pathname: '../node_modules/rtstat',
7 verbose parsed url   path: '../node_modules/rtstat',
7 verbose parsed url   href: '../node_modules/rtstat' }
8 silly lockFile cb24af50-node-modules-rtstat ../node_modules/rtstat
9 verbose lock ../node_modules/rtstat /Users/matt/.npm/cb24af50-node-modules-rtstat.lock
10 verbose tar pack [ '/var/folders/fv/k0gd7qwj4hq2_94wct6bkclh0000gn/T/npm-28200-g-7yaWvs/1397828408696-0.6698190667666495/tmp.tgz',
10 verbose tar pack   '../node_modules/rtstat' ]
11 verbose tarball /var/folders/fv/k0gd7qwj4hq2_94wct6bkclh0000gn/T/npm-28200-g-7yaWvs/1397828408696-0.6698190667666495/tmp.tgz
12 verbose folder ../node_modules/rtstat
13 info prepublish rtstat@0.0.1
14 silly lockFile 084059e3-tar-node-modules-rtstat tar://../node_modules/rtstat
15 verbose lock tar://../node_modules/rtstat /Users/matt/.npm/084059e3-tar-node-modules-rtstat.lock
16 silly lockFile 1ffc1ff0-08696-0-6698190667666495-tmp-tgz tar:///var/folders/fv/k0gd7qwj4hq2_94wct6bkclh0000gn/T/npm-28200-g-7yaWvs/1397828408696-0.6698190667666495/tmp.tgz
17 verbose lock tar:///var/folders/fv/k0gd7qwj4hq2_94wct6bkclh0000gn/T/npm-28200-g-7yaWvs/1397828408696-0.6698190667666495/tmp.tgz /Users/matt/.npm/1ffc1ff0-08696-0-6698190667666495-tmp-tgz.lock
18 silly lockFile 084059e3-tar-node-modules-rtstat tar://../node_modules/rtstat
19 silly lockFile 084059e3-tar-node-modules-rtstat tar://../node_modules/rtstat
20 silly lockFile 1ffc1ff0-08696-0-6698190667666495-tmp-tgz tar:///var/folders/fv/k0gd7qwj4hq2_94wct6bkclh0000gn/T/npm-28200-g-7yaWvs/1397828408696-0.6698190667666495/tmp.tgz
21 silly lockFile 1ffc1ff0-08696-0-6698190667666495-tmp-tgz tar:///var/folders/fv/k0gd7qwj4hq2_94wct6bkclh0000gn/T/npm-28200-g-7yaWvs/1397828408696-0.6698190667666495/tmp.tgz
22 verbose tar unpack /var/folders/fv/k0gd7qwj4hq2_94wct6bkclh0000gn/T/npm-28200-g-7yaWvs/1397828408696-0.6698190667666495/tmp.tgz
23 silly lockFile 7d8a3497-08696-0-6698190667666495-package tar:///var/folders/fv/k0gd7qwj4hq2_94wct6bkclh0000gn/T/npm-28200-g-7yaWvs/1397828408696-0.6698190667666495/package
24 verbose lock tar:///var/folders/fv/k0gd7qwj4hq2_94wct6bkclh0000gn/T/npm-28200-g-7yaWvs/1397828408696-0.6698190667666495/package /Users/matt/.npm/7d8a3497-08696-0-6698190667666495-package.lock
25 silly lockFile 1ffc1ff0-08696-0-6698190667666495-tmp-tgz tar:///var/folders/fv/k0gd7qwj4hq2_94wct6bkclh0000gn/T/npm-28200-g-7yaWvs/1397828408696-0.6698190667666495/tmp.tgz
26 verbose lock tar:///var/folders/fv/k0gd7qwj4hq2_94wct6bkclh0000gn/T/npm-28200-g-7yaWvs/1397828408696-0.6698190667666495/tmp.tgz /Users/matt/.npm/1ffc1ff0-08696-0-6698190667666495-tmp-tgz.lock
27 silly gunzTarPerm modes [ '755', '644' ]
28 silly gunzTarPerm extractEntry package.json
29 silly gunzTarPerm extractEntry README.md
30 silly gunzTarPerm extractEntry LICENSE
31 silly gunzTarPerm extractEntry index.js
32 silly gunzTarPerm extractEntry lib/discover.js
33 silly gunzTarPerm extractEntry lib/tstat.js
34 silly gunzTarPerm extractEntry test/discoverSpec.js
35 silly gunzTarPerm extractEntry test/tstatSpec.js
36 silly lockFile 7d8a3497-08696-0-6698190667666495-package tar:///var/folders/fv/k0gd7qwj4hq2_94wct6bkclh0000gn/T/npm-28200-g-7yaWvs/1397828408696-0.6698190667666495/package
37 silly lockFile 7d8a3497-08696-0-6698190667666495-package tar:///var/folders/fv/k0gd7qwj4hq2_94wct6bkclh0000gn/T/npm-28200-g-7yaWvs/1397828408696-0.6698190667666495/package
38 silly lockFile 1ffc1ff0-08696-0-6698190667666495-tmp-tgz tar:///var/folders/fv/k0gd7qwj4hq2_94wct6bkclh0000gn/T/npm-28200-g-7yaWvs/1397828408696-0.6698190667666495/tmp.tgz
39 silly lockFile 1ffc1ff0-08696-0-6698190667666495-tmp-tgz tar:///var/folders/fv/k0gd7qwj4hq2_94wct6bkclh0000gn/T/npm-28200-g-7yaWvs/1397828408696-0.6698190667666495/tmp.tgz
40 verbose tar pack [ '/Users/matt/.npm/rtstat/0.0.1/package.tgz',
40 verbose tar pack   '/var/folders/fv/k0gd7qwj4hq2_94wct6bkclh0000gn/T/npm-28200-g-7yaWvs/1397828408696-0.6698190667666495/package' ]
41 verbose tarball /Users/matt/.npm/rtstat/0.0.1/package.tgz
42 verbose folder /var/folders/fv/k0gd7qwj4hq2_94wct6bkclh0000gn/T/npm-28200-g-7yaWvs/1397828408696-0.6698190667666495/package
43 silly lockFile 7d8a3497-08696-0-6698190667666495-package tar:///var/folders/fv/k0gd7qwj4hq2_94wct6bkclh0000gn/T/npm-28200-g-7yaWvs/1397828408696-0.6698190667666495/package
44 verbose lock tar:///var/folders/fv/k0gd7qwj4hq2_94wct6bkclh0000gn/T/npm-28200-g-7yaWvs/1397828408696-0.6698190667666495/package /Users/matt/.npm/7d8a3497-08696-0-6698190667666495-package.lock
45 silly lockFile 5fb1fa26-att-npm-rtstat-0-0-1-package-tgz tar:///Users/matt/.npm/rtstat/0.0.1/package.tgz
46 verbose lock tar:///Users/matt/.npm/rtstat/0.0.1/package.tgz /Users/matt/.npm/5fb1fa26-att-npm-rtstat-0-0-1-package-tgz.lock
47 silly lockFile 7d8a3497-08696-0-6698190667666495-package tar:///var/folders/fv/k0gd7qwj4hq2_94wct6bkclh0000gn/T/npm-28200-g-7yaWvs/1397828408696-0.6698190667666495/package
48 silly lockFile 7d8a3497-08696-0-6698190667666495-package tar:///var/folders/fv/k0gd7qwj4hq2_94wct6bkclh0000gn/T/npm-28200-g-7yaWvs/1397828408696-0.6698190667666495/package
49 silly lockFile 5fb1fa26-att-npm-rtstat-0-0-1-package-tgz tar:///Users/matt/.npm/rtstat/0.0.1/package.tgz
50 silly lockFile 5fb1fa26-att-npm-rtstat-0-0-1-package-tgz tar:///Users/matt/.npm/rtstat/0.0.1/package.tgz
51 silly lockFile b5cdc8cf-rs-matt-npm-rtstat-0-0-1-package /Users/matt/.npm/rtstat/0.0.1/package
52 verbose lock /Users/matt/.npm/rtstat/0.0.1/package /Users/matt/.npm/b5cdc8cf-rs-matt-npm-rtstat-0-0-1-package.lock
53 silly lockFile b5cdc8cf-rs-matt-npm-rtstat-0-0-1-package /Users/matt/.npm/rtstat/0.0.1/package
54 silly lockFile b5cdc8cf-rs-matt-npm-rtstat-0-0-1-package /Users/matt/.npm/rtstat/0.0.1/package
55 verbose tar unpack /Users/matt/.npm/rtstat/0.0.1/package.tgz
56 silly lockFile 1b656927-rs-matt-npm-rtstat-0-0-1-package tar:///Users/matt/.npm/rtstat/0.0.1/package
57 verbose lock tar:///Users/matt/.npm/rtstat/0.0.1/package /Users/matt/.npm/1b656927-rs-matt-npm-rtstat-0-0-1-package.lock
58 silly lockFile 5fb1fa26-att-npm-rtstat-0-0-1-package-tgz tar:///Users/matt/.npm/rtstat/0.0.1/package.tgz
59 verbose lock tar:///Users/matt/.npm/rtstat/0.0.1/package.tgz /Users/matt/.npm/5fb1fa26-att-npm-rtstat-0-0-1-package-tgz.lock
60 silly gunzTarPerm modes [ '755', '644' ]
61 silly gunzTarPerm extractEntry package.json
62 silly gunzTarPerm extractEntry README.md
63 silly gunzTarPerm extractEntry LICENSE
64 silly gunzTarPerm extractEntry index.js
65 silly gunzTarPerm extractEntry lib/discover.js
66 silly gunzTarPerm extractEntry lib/tstat.js
67 silly gunzTarPerm extractEntry test/discoverSpec.js
68 silly gunzTarPerm extractEntry test/tstatSpec.js
69 silly lockFile 1b656927-rs-matt-npm-rtstat-0-0-1-package tar:///Users/matt/.npm/rtstat/0.0.1/package
70 silly lockFile 1b656927-rs-matt-npm-rtstat-0-0-1-package tar:///Users/matt/.npm/rtstat/0.0.1/package
71 silly lockFile 5fb1fa26-att-npm-rtstat-0-0-1-package-tgz tar:///Users/matt/.npm/rtstat/0.0.1/package.tgz
72 silly lockFile 5fb1fa26-att-npm-rtstat-0-0-1-package-tgz tar:///Users/matt/.npm/rtstat/0.0.1/package.tgz
73 verbose chmod /Users/matt/.npm/rtstat/0.0.1/package.tgz 644
74 verbose chown /Users/matt/.npm/rtstat/0.0.1/package.tgz [ 501, 20 ]
75 silly lockFile cb24af50-node-modules-rtstat ../node_modules/rtstat
76 silly lockFile cb24af50-node-modules-rtstat ../node_modules/rtstat
77 silly resolved [ { author:
77 silly resolved      { name: 'Matt Welch',
77 silly resolved        email: 'matt@welcher.net',
77 silly resolved        url: 'http://mattwel.ch/' },
77 silly resolved     name: 'rtstat',
77 silly resolved     description: 'A node.js wrapper for the Radio Thermostat Family.',
77 silly resolved     version: '0.0.1',
77 silly resolved     homepage: 'https://github.com/mattwelch/rtstat',
77 silly resolved     'bugs:': 'https://github.com/mattwelch/rtstat/issues',
77 silly resolved     main: './index',
77 silly resolved     repository: { type: 'git', url: 'git@github.com:mattwelch/rtstat.git' },
77 silly resolved     engines: { node: '*' },
77 silly resolved     dependencies: { q: '1.x', request: '2.x' },
77 silly resolved     devDependencies: { chai: '1.9.x', 'chai-as-promised': '4.1.0', sinon: '1.9.x' },
77 silly resolved     readme: '## Initialization\n\n`var rtstat=require(\'rtstat\')`\n\n## Overview\n\nYou can get tstat objects directly (with an ipaddress):\n\n```js\nvar tstat=rtstat.tstat(\'192.168.0.100\')\n```\n\nor through discovery:\n\n```js\nvar tstats=tstat.findThermostats();\n```\n\nwhich returns a promise that will resolve to an object with tstat uuids as keys and tstat objects as, um, objects\n\n```js\ntstats.then(function(thermostats) {\n\tfor (var key in thermostats) {\n\t\t// \'key\' is this thermostat\'s uuid\n    \tvar thisTstat=thermostats[key];\n\t}\n},\nfunction(err) {\n\tconsole.log(err);\n});\n```\n\n## API\n\nOnce you have a thermostat object, you can call methods on it that correspond to endpoints in the official API.\n\n* sys\n* tstat\n* datalog\n* name\n* model\n* ttemp\n\nThe module currently only supports read properties of the thermostats. Writing to the thermostat is forthcoming.',
77 silly resolved     readmeFilename: 'README.md',
77 silly resolved     bugs: { url: 'https://github.com/mattwelch/rtstat/issues' },
77 silly resolved     _id: 'rtstat@0.0.1',
77 silly resolved     dist: { shasum: '7f099a57471a8f9241500315033a03cad2385f6a' },
77 silly resolved     _from: '../node_modules/rtstat' } ]
78 info install rtstat@0.0.1 into /Users/matt/Documents/Develop/node/tstat
79 info installOne rtstat@0.0.1
80 error git Appears to be a git repo or submodule.
80 error git     /Users/matt/Documents/Develop/node/tstat/node_modules/rtstat
80 error git Refusing to remove it. Update manually,
80 error git or move it out of the way first.
81 error System Darwin 13.1.0
82 error command "node" "/usr/local/bin/npm" "install" "../node_modules/rtstat"
83 error cwd /Users/matt/Documents/Develop/node/tstat/temp
84 error node -v v0.10.26
85 error npm -v 1.4.6
86 error path /Users/matt/Documents/Develop/node/tstat/node_modules/rtstat
87 error code EISGIT
88 verbose exit [ 1, true ]
